Determining if the pthread_create exist failed with the following output:
Change Dir: /home/lanpokn/Documents/2022/auto_parking/parking/build/CMakeFiles/CMakeTmp

Run Build Command(s):/usr/bin/make cmTC_8074d/fast 
/usr/bin/make -f CMakeFiles/cmTC_8074d.dir/build.make CMakeFiles/cmTC_8074d.dir/build
make[1]: Entering directory '/home/lanpokn/Documents/2022/auto_parking/parking/build/CMakeFiles/CMakeTmp'
Building C object CMakeFiles/cmTC_8074d.dir/CheckSymbolExists.c.o
/usr/bin/cc    -o CMakeFiles/cmTC_8074d.dir/CheckSymbolExists.c.o   -c /home/lanpokn/Documents/2022/auto_parking/parking/build/CMakeFiles/CMakeTmp/CheckSymbolExists.c
Linking C executable cmTC_8074d
/usr/local/bin/cmake -E cmake_link_script CMakeFiles/cmTC_8074d.dir/link.txt --verbose=1
/usr/bin/cc      -rdynamic CMakeFiles/cmTC_8074d.dir/CheckSymbolExists.c.o  -o cmTC_8074d 
/usr/bin/ld: CMakeFiles/cmTC_8074d.dir/CheckSymbolExists.c.o: in function `main':
CheckSymbolExists.c:(.text+0x1b): undefined reference to `pthread_create'
collect2: error: ld returned 1 exit status
make[1]: *** [CMakeFiles/cmTC_8074d.dir/build.make:87: cmTC_8074d] Error 1
make[1]: Leaving directory '/home/lanpokn/Documents/2022/auto_parking/parking/build/CMakeFiles/CMakeTmp'
make: *** [Makefile:121: cmTC_8074d/fast] Error 2

File /home/lanpokn/Documents/2022/auto_parking/parking/build/CMakeFiles/CMakeTmp/CheckSymbolExists.c:
/* */
#include <pthread.h>

int main(int argc, char** argv)
{
  (void)argv;
#ifndef pthread_create
  return ((int*)(&pthread_create))[argc];
#else
  (void)argc;
  return 0;
#endif
}

Determining if the function pthread_create exists in the pthreads failed with the following output:
Change Dir: /home/lanpokn/Documents/2022/auto_parking/parking/build/CMakeFiles/CMakeTmp

Run Build Command(s):/usr/bin/make cmTC_33ba7/fast 
/usr/bin/make -f CMakeFiles/cmTC_33ba7.dir/build.make CMakeFiles/cmTC_33ba7.dir/build
make[1]: Entering directory '/home/lanpokn/Documents/2022/auto_parking/parking/build/CMakeFiles/CMakeTmp'
Building C object CMakeFiles/cmTC_33ba7.dir/CheckFunctionExists.c.o
/usr/bin/cc   -DCHECK_FUNCTION_EXISTS=pthread_create   -o CMakeFiles/cmTC_33ba7.dir/CheckFunctionExists.c.o   -c /usr/local/share/cmake-3.14/Modules/CheckFunctionExists.c
Linking C executable cmTC_33ba7
/usr/local/bin/cmake -E cmake_link_script CMakeFiles/cmTC_33ba7.dir/link.txt --verbose=1
/usr/bin/cc  -DCHECK_FUNCTION_EXISTS=pthread_create    -rdynamic CMakeFiles/cmTC_33ba7.dir/CheckFunctionExists.c.o  -o cmTC_33ba7 -lpthreads 
/usr/bin/ld: cannot find -lpthreads
collect2: error: ld returned 1 exit status
make[1]: *** [CMakeFiles/cmTC_33ba7.dir/build.make:87: cmTC_33ba7] Error 1
make[1]: Leaving directory '/home/lanpokn/Documents/2022/auto_parking/parking/build/CMakeFiles/CMakeTmp'
make: *** [Makefile:121: cmTC_33ba7/fast] Error 2


